c:\users\tomer\desktop\output_files\ex2.shukrun.smart.dir\debug\vc140.pdb
c:\users\tomer\desktop\output_files\ex2.shukrun.smart.dir\debug\ship.obj
c:\users\tomer\desktop\output_files\ex2.shukrun.smart.dir\debug\player.obj
c:\users\tomer\desktop\output_files\ex2.shukrun.smart.dir\debug\board.obj
c:\users\tomer\desktop\output_files\ex2.shukrun.smart.dir\debug\smartalgo.obj
c:\users\tomer\desktop\output_files\cmakefiles\generate.stamp
c:\users\tomer\desktop\output_files\debug\shukrun.smart.lib
c:\users\tomer\desktop\output_files\debug\shukrun.smart.exp
c:\users\tomer\desktop\output_files\debug\shukrun.smart.ilk
c:\users\tomer\desktop\output_files\debug\shukrun.smart.dll
c:\users\tomer\desktop\output_files\debug\shukrun.smart.pdb
c:\users\tomer\desktop\output_files\ex2.shukrun.smart.dir\debug\ex2.shuk.61c9af5e.tlog\cl.command.1.tlog
c:\users\tomer\desktop\output_files\ex2.shukrun.smart.dir\debug\ex2.shuk.61c9af5e.tlog\cl.read.1.tlog
c:\users\tomer\desktop\output_files\ex2.shukrun.smart.dir\debug\ex2.shuk.61c9af5e.tlog\cl.write.1.tlog
c:\users\tomer\desktop\output_files\ex2.shukrun.smart.dir\debug\ex2.shuk.61c9af5e.tlog\custombuild.command.1.tlog
c:\users\tomer\desktop\output_files\ex2.shukrun.smart.dir\debug\ex2.shuk.61c9af5e.tlog\custombuild.read.1.tlog
c:\users\tomer\desktop\output_files\ex2.shukrun.smart.dir\debug\ex2.shuk.61c9af5e.tlog\custombuild.write.1.tlog
c:\users\tomer\desktop\output_files\ex2.shukrun.smart.dir\debug\ex2.shuk.61c9af5e.tlog\ex2.shukrun.smart.write.1u.tlog
c:\users\tomer\desktop\output_files\ex2.shukrun.smart.dir\debug\ex2.shuk.61c9af5e.tlog\link.command.1.tlog
c:\users\tomer\desktop\output_files\ex2.shukrun.smart.dir\debug\ex2.shuk.61c9af5e.tlog\link.read.1.tlog
c:\users\tomer\desktop\output_files\ex2.shukrun.smart.dir\debug\ex2.shuk.61c9af5e.tlog\link.write.1.tlog
