d:\battleships\ex2.shukrun.naive.dir\debug\vc140.pdb
d:\battleships\ex2.shukrun.naive.dir\debug\ship.obj
d:\battleships\ex2.shukrun.naive.dir\debug\player.obj
d:\battleships\ex2.shukrun.naive.dir\debug\board.obj
d:\battleships\ex2.shukrun.naive.dir\debug\naive.obj
d:\battleships\cmakefiles\generate.stamp
d:\battleships\debug\shukrun.naive.lib
d:\battleships\debug\shukrun.naive.exp
d:\battleships\debug\shukrun.naive.ilk
d:\battleships\debug\shukrun.naive.dll
d:\battleships\debug\shukrun.naive.pdb
d:\battleships\ex2.shukrun.naive.dir\debug\ex2.shuk.938acb85.tlog\cl.command.1.tlog
d:\battleships\ex2.shukrun.naive.dir\debug\ex2.shuk.938acb85.tlog\cl.read.1.tlog
d:\battleships\ex2.shukrun.naive.dir\debug\ex2.shuk.938acb85.tlog\cl.write.1.tlog
d:\battleships\ex2.shukrun.naive.dir\debug\ex2.shuk.938acb85.tlog\custombuild.command.1.tlog
d:\battleships\ex2.shukrun.naive.dir\debug\ex2.shuk.938acb85.tlog\custombuild.read.1.tlog
d:\battleships\ex2.shukrun.naive.dir\debug\ex2.shuk.938acb85.tlog\custombuild.write.1.tlog
d:\battleships\ex2.shukrun.naive.dir\debug\ex2.shuk.938acb85.tlog\ex2.shukrun.naive.write.1u.tlog
d:\battleships\ex2.shukrun.naive.dir\debug\ex2.shuk.938acb85.tlog\link.command.1.tlog
d:\battleships\ex2.shukrun.naive.dir\debug\ex2.shuk.938acb85.tlog\link.read.1.tlog
d:\battleships\ex2.shukrun.naive.dir\debug\ex2.shuk.938acb85.tlog\link.write.1.tlog
