c:\users\tomer\desktop\output_files\ex2.shukrun.file.dir\debug\vc140.pdb
c:\users\tomer\desktop\output_files\ex2.shukrun.file.dir\debug\ship.obj
c:\users\tomer\desktop\output_files\ex2.shukrun.file.dir\debug\player.obj
c:\users\tomer\desktop\output_files\ex2.shukrun.file.dir\debug\board.obj
c:\users\tomer\desktop\output_files\ex2.shukrun.file.dir\debug\filereaderalgo.obj
c:\users\tomer\desktop\output_files\cmakefiles\generate.stamp
c:\users\tomer\desktop\output_files\debug\shukrun.file.lib
c:\users\tomer\desktop\output_files\debug\shukrun.file.exp
c:\users\tomer\desktop\output_files\debug\shukrun.file.ilk
c:\users\tomer\desktop\output_files\debug\shukrun.file.dll
c:\users\tomer\desktop\output_files\debug\shukrun.file.pdb
c:\users\tomer\desktop\output_files\ex2.shukrun.file.dir\debug\ex2.shukrun.file.tlog\cl.command.1.tlog
c:\users\tomer\desktop\output_files\ex2.shukrun.file.dir\debug\ex2.shukrun.file.tlog\cl.read.1.tlog
c:\users\tomer\desktop\output_files\ex2.shukrun.file.dir\debug\ex2.shukrun.file.tlog\cl.write.1.tlog
c:\users\tomer\desktop\output_files\ex2.shukrun.file.dir\debug\ex2.shukrun.file.tlog\custombuild.command.1.tlog
c:\users\tomer\desktop\output_files\ex2.shukrun.file.dir\debug\ex2.shukrun.file.tlog\custombuild.read.1.tlog
c:\users\tomer\desktop\output_files\ex2.shukrun.file.dir\debug\ex2.shukrun.file.tlog\custombuild.write.1.tlog
c:\users\tomer\desktop\output_files\ex2.shukrun.file.dir\debug\ex2.shukrun.file.tlog\ex2.shukrun.file.write.1u.tlog
c:\users\tomer\desktop\output_files\ex2.shukrun.file.dir\debug\ex2.shukrun.file.tlog\link.command.1.tlog
c:\users\tomer\desktop\output_files\ex2.shukrun.file.dir\debug\ex2.shukrun.file.tlog\link.read.1.tlog
c:\users\tomer\desktop\output_files\ex2.shukrun.file.dir\debug\ex2.shukrun.file.tlog\link.write.1.tlog
