  Board.cpp
c:\users\dansh\dropbox\לימודים\advanceprogramming\project1\project1\Utils.h(9): error C2065: 'Board': undeclared identifier
c:\users\dansh\dropbox\לימודים\advanceprogramming\project1\project1\Utils.h(9): error C2065: 'gameBoard': undeclared identifier
c:\users\dansh\dropbox\לימודים\advanceprogramming\project1\project1\Utils.h(9): error C2065: 'intermediateBoard': undeclared identifier
c:\users\dansh\dropbox\לימודים\advanceprogramming\project1\project1\Utils.h(9): error C2062: type 'int' unexpected
c:\users\dansh\dropbox\לימודים\advanceprogramming\project1\project1\Utils.h(10): error C2065: 'Board': undeclared identifier
c:\users\dansh\dropbox\לימודים\advanceprogramming\project1\project1\Utils.h(10): error C2065: 'gameBoard': undeclared identifier
c:\users\dansh\dropbox\לימודים\advanceprogramming\project1\project1\Utils.h(11): error C2065: 'Board': undeclared identifier
c:\users\dansh\dropbox\לימודים\advanceprogramming\project1\project1\Utils.h(11): error C2065: 'gameBoard': undeclared identifier
c:\users\dansh\dropbox\לימודים\advanceprogramming\project1\project1\Utils.h(11): error C2065: 'intermediateBoard': undeclared identifier
c:\users\dansh\dropbox\לימודים\advanceprogramming\project1\project1\Utils.h(11): error C2062: type 'char' unexpected
c:\users\dansh\dropbox\לימודים\advanceprogramming\project1\project1\Utils.h(12): error C2061: syntax error: identifier 'Board'
c:\users\dansh\dropbox\לימודים\advanceprogramming\project1\project1\Utils.h(13): error C4430: missing type specifier - int assumed. Note: C++ does not support default-int
c:\users\dansh\dropbox\לימודים\advanceprogramming\project1\project1\Utils.h(13): error C2146: syntax error: missing ';' before identifier 'shipScan'
c:\users\dansh\dropbox\לימודים\advanceprogramming\project1\project1\Utils.h(14): error C2065: 'Board': undeclared identifier
c:\users\dansh\dropbox\לימודים\advanceprogramming\project1\project1\Utils.h(14): error C2065: 'board': undeclared identifier
c:\users\dansh\dropbox\לימודים\advanceprogramming\project1\project1\Utils.h(14): error C2062: type 'int' unexpected
c:\users\dansh\dropbox\לימודים\advanceprogramming\project1\project1\Game.h(8): error C2923: 'std::vector': 'Ship' is not a valid template type argument for parameter '_Ty'
  c:\users\dansh\dropbox\לימודים\advanceprogramming\project1\project1\Utils.h(13): note: see declaration of 'Ship'
c:\users\dansh\dropbox\לימודים\advanceprogramming\project1\project1\Game.h(8): error C3203: 'allocator': unspecialized class template can't be used as a template argument for template parameter '_Alloc', expected a real type
c:\users\dansh\dropbox\לימודים\advanceprogramming\project1\project1\Game.h(22): error C2061: syntax error: identifier 'Ship'
Board.cpp(4): error C2512: 'std::vector': no appropriate default constructor available
  C:\Program Files (x86)\VC\include\vector(679): note: see declaration of 'std::vector'
Board.cpp(127): error C2146: syntax error: missing ')' before identifier 'ship'
Board.cpp(127): error C2143: syntax error: missing ';' before '{'
Board.cpp(127): error C2447: '{': missing function header (old-style formal list?)
Board.cpp(134): error C2663: 'std::vector<_Ty,_Alloc>::begin': 2 overloads have no legal conversion for 'this' pointer
Board.cpp(134): error C2663: 'std::vector<_Ty,_Alloc>::end': 2 overloads have no legal conversion for 'this' pointer
Board.cpp(134): error C3536: '<begin>$L0': cannot be used before it is initialized
Board.cpp(134): error C3536: '<end>$L0': cannot be used before it is initialized
Board.cpp(134): error C2100: illegal indirection
Board.cpp(135): error C2228: left of '.isSideA' must have class/struct/union
  Board.cpp(135): note: type is 'int'
Board.cpp(135): error C2228: left of '.checkAlive' must have class/struct/union
  Board.cpp(135): note: type is 'int'
  Player.cpp
c:\users\dansh\dropbox\לימודים\advanceprogramming\project1\project1\Utils.h(9): error C2065: 'Board': undeclared identifier
c:\users\dansh\dropbox\לימודים\advanceprogramming\project1\project1\Utils.h(9): error C2065: 'gameBoard': undeclared identifier
c:\users\dansh\dropbox\לימודים\advanceprogramming\project1\project1\Utils.h(9): error C2065: 'intermediateBoard': undeclared identifier
c:\users\dansh\dropbox\לימודים\advanceprogramming\project1\project1\Utils.h(9): error C2062: type 'int' unexpected
c:\users\dansh\dropbox\לימודים\advanceprogramming\project1\project1\Utils.h(10): error C2065: 'Board': undeclared identifier
c:\users\dansh\dropbox\לימודים\advanceprogramming\project1\project1\Utils.h(10): error C2065: 'gameBoard': undeclared identifier
c:\users\dansh\dropbox\לימודים\advanceprogramming\project1\project1\Utils.h(11): error C2065: 'Board': undeclared identifier
c:\users\dansh\dropbox\לימודים\advanceprogramming\project1\project1\Utils.h(11): error C2065: 'gameBoard': undeclared identifier
c:\users\dansh\dropbox\לימודים\advanceprogramming\project1\project1\Utils.h(11): error C2065: 'intermediateBoard': undeclared identifier
c:\users\dansh\dropbox\לימודים\advanceprogramming\project1\project1\Utils.h(11): error C2062: type 'char' unexpected
c:\users\dansh\dropbox\לימודים\advanceprogramming\project1\project1\Utils.h(12): error C2061: syntax error: identifier 'Board'
c:\users\dansh\dropbox\לימודים\advanceprogramming\project1\project1\Utils.h(13): error C4430: missing type specifier - int assumed. Note: C++ does not support default-int
c:\users\dansh\dropbox\לימודים\advanceprogramming\project1\project1\Utils.h(13): error C2146: syntax error: missing ';' before identifier 'shipScan'
c:\users\dansh\dropbox\לימודים\advanceprogramming\project1\project1\Utils.h(14): error C2065: 'Board': undeclared identifier
c:\users\dansh\dropbox\לימודים\advanceprogramming\project1\project1\Utils.h(14): error C2065: 'board': undeclared identifier
c:\users\dansh\dropbox\לימודים\advanceprogramming\project1\project1\Utils.h(14): error C2062: type 'int' unexpected
c:\users\dansh\dropbox\לימודים\advanceprogramming\project1\project1\Game.h(8): error C2923: 'std::vector': 'Ship' is not a valid template type argument for parameter '_Ty'
  c:\users\dansh\dropbox\לימודים\advanceprogramming\project1\project1\Utils.h(13): note: see declaration of 'Ship'
c:\users\dansh\dropbox\לימודים\advanceprogramming\project1\project1\Game.h(8): error C3203: 'allocator': unspecialized class template can't be used as a template argument for template parameter '_Alloc', expected a real type
c:\users\dansh\dropbox\לימודים\advanceprogramming\project1\project1\Game.h(22): error C2061: syntax error: identifier 'Ship'
Player.cpp(54): error C3668: 'Player::setBoard': method with override specifier 'override' did not override any base class methods
  Main.cpp
c:\users\dansh\dropbox\לימודים\advanceprogramming\project1\project1\Utils.h(9): error C2065: 'Board': undeclared identifier
c:\users\dansh\dropbox\לימודים\advanceprogramming\project1\project1\Utils.h(9): error C2065: 'gameBoard': undeclared identifier
c:\users\dansh\dropbox\לימודים\advanceprogramming\project1\project1\Utils.h(9): error C2065: 'intermediateBoard': undeclared identifier
c:\users\dansh\dropbox\לימודים\advanceprogramming\project1\project1\Utils.h(9): error C2062: type 'int' unexpected
c:\users\dansh\dropbox\לימודים\advanceprogramming\project1\project1\Utils.h(10): error C2065: 'Board': undeclared identifier
c:\users\dansh\dropbox\לימודים\advanceprogramming\project1\project1\Utils.h(10): error C2065: 'gameBoard': undeclared identifier
c:\users\dansh\dropbox\לימודים\advanceprogramming\project1\project1\Utils.h(11): error C2065: 'Board': undeclared identifier
c:\users\dansh\dropbox\לימודים\advanceprogramming\project1\project1\Utils.h(11): error C2065: 'gameBoard': undeclared identifier
c:\users\dansh\dropbox\לימודים\advanceprogramming\project1\project1\Utils.h(11): error C2065: 'intermediateBoard': undeclared identifier
c:\users\dansh\dropbox\לימודים\advanceprogramming\project1\project1\Utils.h(11): error C2062: type 'char' unexpected
c:\users\dansh\dropbox\לימודים\advanceprogramming\project1\project1\Utils.h(12): error C2061: syntax error: identifier 'Board'
c:\users\dansh\dropbox\לימודים\advanceprogramming\project1\project1\Utils.h(13): error C4430: missing type specifier - int assumed. Note: C++ does not support default-int
c:\users\dansh\dropbox\לימודים\advanceprogramming\project1\project1\Utils.h(13): error C2146: syntax error: missing ';' before identifier 'shipScan'
c:\users\dansh\dropbox\לימודים\advanceprogramming\project1\project1\Utils.h(14): error C2065: 'Board': undeclared identifier
c:\users\dansh\dropbox\לימודים\advanceprogramming\project1\project1\Utils.h(14): error C2065: 'board': undeclared identifier
c:\users\dansh\dropbox\לימודים\advanceprogramming\project1\project1\Utils.h(14): error C2062: type 'int' unexpected
c:\users\dansh\dropbox\לימודים\advanceprogramming\project1\project1\Game.h(8): error C2923: 'std::vector': 'Ship' is not a valid template type argument for parameter '_Ty'
  c:\users\dansh\dropbox\לימודים\advanceprogramming\project1\project1\Utils.h(13): note: see declaration of 'Ship'
c:\users\dansh\dropbox\לימודים\advanceprogramming\project1\project1\Game.h(8): error C3203: 'allocator': unspecialized class template can't be used as a template argument for template parameter '_Alloc', expected a real type
c:\users\dansh\dropbox\לימודים\advanceprogramming\project1\project1\Game.h(22): error C2061: syntax error: identifier 'Ship'
Main.cpp(27): error C2065: 'Player': undeclared identifier
Main.cpp(27): error C2146: syntax error: missing ';' before identifier 'A'
Main.cpp(27): error C3861: 'A': identifier not found
Main.cpp(28): error C2065: 'Player': undeclared identifier
Main.cpp(28): error C2146: syntax error: missing ';' before identifier 'B'
Main.cpp(28): error C3861: 'B': identifier not found
Main.cpp(29): error C2065: 'A': undeclared identifier
Main.cpp(29): error C2228: left of '.setSide' must have class/struct/union
  Main.cpp(29): note: type is 'unknown-type'
Main.cpp(33): error C3861: 'parseAttackFile': identifier not found
Main.cpp(36): error C2065: 'A': undeclared identifier
Main.cpp(36): error C2228: left of '.setlistOfAttacks' must have class/struct/union
  Main.cpp(36): note: type is 'unknown-type'
Main.cpp(38): error C3861: 'parseAttackFile': identifier not found
Main.cpp(40): error C2065: 'B': undeclared identifier
Main.cpp(40): error C2228: left of '.setlistOfAttacks' must have class/struct/union
  Main.cpp(40): note: type is 'unknown-type'
Main.cpp(44): error C2065: 'A': undeclared identifier
Main.cpp(44): error C2228: left of '.setBoard' must have class/struct/union
  Main.cpp(44): note: type is 'unknown-type'
Main.cpp(45): error C2065: 'B': undeclared identifier
Main.cpp(45): error C2228: left of '.setBoard' must have class/struct/union
  Main.cpp(45): note: type is 'unknown-type'
Main.cpp(47): error C2065: 'A': undeclared identifier
Main.cpp(47): error C2228: left of '.nextAttack' must have class/struct/union
  Main.cpp(47): note: type is 'unknown-type'
Main.cpp(47): error C2228: left of '.listOfAttacks' must have class/struct/union
  Main.cpp(47): note: type is 'unknown-type'
Main.cpp(47): error C2228: left of '.begin' must have class/struct/union
Main.cpp(48): error C2065: 'B': undeclared identifier
Main.cpp(48): error C2228: left of '.nextAttack' must have class/struct/union
  Main.cpp(48): note: type is 'unknown-type'
Main.cpp(48): error C2228: left of '.listOfAttacks' must have class/struct/union
  Main.cpp(48): note: type is 'unknown-type'
Main.cpp(48): error C2228: left of '.begin' must have class/struct/union
Main.cpp(50): error C2064: term does not evaluate to a function taking 1 arguments
Main.cpp(68): error C2065: 'A': undeclared identifier
Main.cpp(68): error C2228: left of '.listOfAttacks' must have class/struct/union
  Main.cpp(68): note: type is 'unknown-type'
Main.cpp(68): error C2228: left of '.size' must have class/struct/union
Main.cpp(70): error C2065: 'B': undeclared identifier
Main.cpp(70): error C2228: left of '.listOfAttacks' must have class/struct/union
  Main.cpp(70): note: type is 'unknown-type'
Main.cpp(70): error C2228: left of '.size' must have class/struct/union
Main.cpp(100): error C2065: 'A': undeclared identifier
Main.cpp(100): error C2228: left of '.attack' must have class/struct/union
  Main.cpp(100): note: type is 'unknown-type'
Main.cpp(111): error C2248: 'Board::ships': cannot access private member declared in class 'Board'
  c:\users\dansh\dropbox\לימודים\advanceprogramming\project1\project1\Game.h(8): note: see declaration of 'Board::ships'
  c:\users\dansh\dropbox\לימודים\advanceprogramming\project1\project1\Game.h(4): note: see declaration of 'Board'
Main.cpp(111): error C2662: '_Vector_alloc<std::_Vec_base_types<_Ty,_Alloc_types::_Alloc>>::size_type std::vector<_Ty,_Alloc>::size(void) noexcept const': cannot convert 'this' pointer from 'std::vector' to 'const std::vector<_Ty,_Alloc> &'
  Main.cpp(111): note: Reason: cannot convert from 'std::vector' to 'const std::vector<_Ty,_Alloc>'
  Main.cpp(111): note: Conversion requires a second user-defined-conversion operator or constructor
Main.cpp(112): error C2065: 'ship': undeclared identifier
Main.cpp(112): error C2248: 'Board::ships': cannot access private member declared in class 'Board'
  c:\users\dansh\dropbox\לימודים\advanceprogramming\project1\project1\Game.h(8): note: see declaration of 'Board::ships'
  c:\users\dansh\dropbox\לימודים\advanceprogramming\project1\project1\Game.h(4): note: see declaration of 'Board'
Main.cpp(112): error C2678: binary '[': no operator found which takes a left-hand operand of type 'std::vector' (or there is no acceptable conversion)
  C:\Program Files (x86)\VC\include\vector(1229): note: could be '_Vector_alloc<std::_Vec_base_types<_Ty,_Alloc_types::_Alloc>>::reference std::vector<_Ty,_Alloc>::operator [](_Vector_alloc<std::_Vec_base_types<_Ty,_Alloc_types::_Alloc>>::size_type)'
  C:\Program Files (x86)\VC\include\vector(1213): note: or       '_Vector_alloc<std::_Vec_base_types<_Ty,_Alloc_types::_Alloc>>::const_reference std::vector<_Ty,_Alloc>::operator [](_Vector_alloc<std::_Vec_base_types<_Ty,_Alloc_types::_Alloc>>::size_type) const'
  Main.cpp(112): note: while trying to match the argument list '(std::vector, int)'
Main.cpp(113): error C2065: 'ship': undeclared identifier
Main.cpp(113): error C2228: left of '.checkAttack' must have class/struct/union
  Main.cpp(113): note: type is 'unknown-type'
Main.cpp(114): error C2065: 'ship': undeclared identifier
Main.cpp(114): error C2228: left of '.checkAlive' must have class/struct/union
  Main.cpp(114): note: type is 'unknown-type'
Main.cpp(116): error C2065: 'A': undeclared identifier
Main.cpp(116): error C2228: left of '.notifyOnAttackResult' must have class/struct/union
  Main.cpp(116): note: type is 'unknown-type'
Main.cpp(116): error C2653: 'AttackResult': is not a class or namespace name
Main.cpp(116): error C2065: 'Sink': undeclared identifier
Main.cpp(117): error C2065: 'B': undeclared identifier
Main.cpp(117): error C2228: left of '.notifyOnAttackResult' must have class/struct/union
  Main.cpp(117): note: type is 'unknown-type'
Main.cpp(117): error C2653: 'AttackResult': is not a class or namespace name
Main.cpp(117): error C2065: 'Sink': undeclared identifier
Main.cpp(118): error C2065: 'ship': undeclared identifier
Main.cpp(118): error C2228: left of '.isSideA' must have class/struct/union
  Main.cpp(118): note: type is 'unknown-type'
Main.cpp(119): error C2065: 'ship': undeclared identifier
Main.cpp(119): error C2228: left of '.getShipScore' must have class/struct/union
  Main.cpp(119): note: type is 'unknown-type'
Main.cpp(123): error C2065: 'ship': undeclared identifier
Main.cpp(123): error C2228: left of '.getShipScore' must have class/struct/union
  Main.cpp(123): note: type is 'unknown-type'
Main.cpp(128): error C2065: 'A': undeclared identifier
Main.cpp(128): error C2228: left of '.notifyOnAttackResult' must have class/struct/union
  Main.cpp(128): note: type is 'unknown-type'
Main.cpp(128): error C2653: 'AttackResult': is not a class or namespace name
Main.cpp(128): error C2065: 'Hit': undeclared identifier
Main.cpp(129): error C2065: 'B': undeclared identifier
Main.cpp(129): error C2228: left of '.notifyOnAttackResult' must have class/struct/union
  Main.cpp(129): note: type is 'unknown-type'
Main.cpp(129): error C2653: 'AttackResult': is not a class or namespace name
Main.cpp(129): error C2065: 'Hit': undeclared identifier
Main.cpp(131): error C2065: 'ship': undeclared identifier
Main.cpp(131): error C2228: left of '.isSideA' must have class/struct/union
  Main.cpp(131): note: type is 'unknown-type'
Main.cpp(143): error C2065: 'A': undeclared identifier
Main.cpp(143): error C2228: left of '.notifyOnAttackResult' must have class/struct/union
  Main.cpp(143): note: type is 'unknown-type'
Main.cpp(143): error C2653: 'AttackResult': is not a class or namespace name
Main.cpp(143): error C2065: 'Miss': undeclared identifier
Main.cpp(144): error C2065: 'B': undeclared identifier
Main.cpp(144): error C2228: left of '.notifyOnAttackResult' must have class/struct/union
  Main.cpp(144): note: type is 'unknown-type'
Main.cpp(144): error C2653: 'AttackResult': is not a class or namespace name
Main.cpp(144): error C2065: 'Miss': undeclared identifier
Main.cpp(166): error C2065: 'B': undeclared identifier
Main.cpp(166): error C2228: left of '.attack' must have class/struct/union
  Main.cpp(166): note: type is 'unknown-type'
Main.cpp(178): error C2248: 'Board::ships': cannot access private member declared in class 'Board'
  c:\users\dansh\dropbox\לימודים\advanceprogramming\project1\project1\Game.h(8): note: see declaration of 'Board::ships'
  c:\users\dansh\dropbox\לימודים\advanceprogramming\project1\project1\Game.h(4): note: see declaration of 'Board'
Main.cpp(178): error C2662: '_Vector_alloc<std::_Vec_base_types<_Ty,_Alloc_types::_Alloc>>::size_type std::vector<_Ty,_Alloc>::size(void) noexcept const': cannot convert 'this' pointer from 'std::vector' to 'const std::vector<_Ty,_Alloc> &'
  Main.cpp(178): note: Reason: cannot convert from 'std::vector' to 'const std::vector<_Ty,_Alloc>'
  Main.cpp(178): note: Conversion requires a second user-defined-conversion operator or constructor
Main.cpp(179): error C2065: 'ship': undeclared identifier
Main.cpp(179): error C2248: 'Board::ships': cannot access private member declared in class 'Board'
  c:\users\dansh\dropbox\לימודים\advanceprogramming\project1\project1\Game.h(8): note: see declaration of 'Board::ships'
  c:\users\dansh\dropbox\לימודים\advanceprogramming\project1\project1\Game.h(4): note: see declaration of 'Board'
Main.cpp(179): error C2678: binary '[': no operator found which takes a left-hand operand of type 'std::vector' (or there is no acceptable conversion)
Main.cpp(179): fatal error C1003: error count exceeds 100; stopping compilation
  Ship.cpp
c:\users\dansh\dropbox\לימודים\advanceprogramming\project1\project1\Utils.h(9): error C2065: 'Board': undeclared identifier
c:\users\dansh\dropbox\לימודים\advanceprogramming\project1\project1\Utils.h(9): error C2065: 'gameBoard': undeclared identifier
c:\users\dansh\dropbox\לימודים\advanceprogramming\project1\project1\Utils.h(9): error C2065: 'intermediateBoard': undeclared identifier
c:\users\dansh\dropbox\לימודים\advanceprogramming\project1\project1\Utils.h(9): error C2062: type 'int' unexpected
c:\users\dansh\dropbox\לימודים\advanceprogramming\project1\project1\Utils.h(10): error C2065: 'Board': undeclared identifier
c:\users\dansh\dropbox\לימודים\advanceprogramming\project1\project1\Utils.h(10): error C2065: 'gameBoard': undeclared identifier
c:\users\dansh\dropbox\לימודים\advanceprogramming\project1\project1\Utils.h(11): error C2065: 'Board': undeclared identifier
c:\users\dansh\dropbox\לימודים\advanceprogramming\project1\project1\Utils.h(11): error C2065: 'gameBoard': undeclared identifier
c:\users\dansh\dropbox\לימודים\advanceprogramming\project1\project1\Utils.h(11): error C2065: 'intermediateBoard': undeclared identifier
c:\users\dansh\dropbox\לימודים\advanceprogramming\project1\project1\Utils.h(11): error C2062: type 'char' unexpected
c:\users\dansh\dropbox\לימודים\advanceprogramming\project1\project1\Utils.h(12): error C2061: syntax error: identifier 'Board'
c:\users\dansh\dropbox\לימודים\advanceprogramming\project1\project1\Utils.h(13): error C4430: missing type specifier - int assumed. Note: C++ does not support default-int
c:\users\dansh\dropbox\לימודים\advanceprogramming\project1\project1\Utils.h(13): error C2146: syntax error: missing ';' before identifier 'shipScan'
c:\users\dansh\dropbox\לימודים\advanceprogramming\project1\project1\Utils.h(14): error C2065: 'Board': undeclared identifier
c:\users\dansh\dropbox\לימודים\advanceprogramming\project1\project1\Utils.h(14): error C2065: 'board': undeclared identifier
c:\users\dansh\dropbox\לימודים\advanceprogramming\project1\project1\Utils.h(14): error C2062: type 'int' unexpected
c:\users\dansh\dropbox\לימודים\advanceprogramming\project1\project1\Game.h(8): error C2923: 'std::vector': 'Ship' is not a valid template type argument for parameter '_Ty'
  c:\users\dansh\dropbox\לימודים\advanceprogramming\project1\project1\Utils.h(13): note: see declaration of 'Ship'
c:\users\dansh\dropbox\לימודים\advanceprogramming\project1\project1\Game.h(8): error C3203: 'allocator': unspecialized class template can't be used as a template argument for template parameter '_Alloc', expected a real type
c:\users\dansh\dropbox\לימודים\advanceprogramming\project1\project1\Game.h(22): error C2061: syntax error: identifier 'Ship'
  Utils.cpp
c:\users\dansh\dropbox\לימודים\advanceprogramming\project1\project1\Utils.h(9): error C2065: 'Board': undeclared identifier
c:\users\dansh\dropbox\לימודים\advanceprogramming\project1\project1\Utils.h(9): error C2065: 'gameBoard': undeclared identifier
c:\users\dansh\dropbox\לימודים\advanceprogramming\project1\project1\Utils.h(9): error C2065: 'intermediateBoard': undeclared identifier
c:\users\dansh\dropbox\לימודים\advanceprogramming\project1\project1\Utils.h(9): error C2062: type 'int' unexpected
c:\users\dansh\dropbox\לימודים\advanceprogramming\project1\project1\Utils.h(10): error C2065: 'Board': undeclared identifier
c:\users\dansh\dropbox\לימודים\advanceprogramming\project1\project1\Utils.h(10): error C2065: 'gameBoard': undeclared identifier
c:\users\dansh\dropbox\לימודים\advanceprogramming\project1\project1\Utils.h(11): error C2065: 'Board': undeclared identifier
c:\users\dansh\dropbox\לימודים\advanceprogramming\project1\project1\Utils.h(11): error C2065: 'gameBoard': undeclared identifier
c:\users\dansh\dropbox\לימודים\advanceprogramming\project1\project1\Utils.h(11): error C2065: 'intermediateBoard': undeclared identifier
c:\users\dansh\dropbox\לימודים\advanceprogramming\project1\project1\Utils.h(11): error C2062: type 'char' unexpected
c:\users\dansh\dropbox\לימודים\advanceprogramming\project1\project1\Utils.h(12): error C2061: syntax error: identifier 'Board'
c:\users\dansh\dropbox\לימודים\advanceprogramming\project1\project1\Utils.h(13): error C4430: missing type specifier - int assumed. Note: C++ does not support default-int
c:\users\dansh\dropbox\לימודים\advanceprogramming\project1\project1\Utils.h(13): error C2146: syntax error: missing ';' before identifier 'shipScan'
c:\users\dansh\dropbox\לימודים\advanceprogramming\project1\project1\Utils.h(14): error C2065: 'Board': undeclared identifier
c:\users\dansh\dropbox\לימודים\advanceprogramming\project1\project1\Utils.h(14): error C2065: 'board': undeclared identifier
c:\users\dansh\dropbox\לימודים\advanceprogramming\project1\project1\Utils.h(14): error C2062: type 'int' unexpected
Utils.cpp(107): error C2065: 'Board': undeclared identifier
Utils.cpp(107): error C2065: 'gameBoard': undeclared identifier
Utils.cpp(107): error C2374: 'validateBoard': redefinition; multiple initialization
  c:\users\dansh\dropbox\לימודים\advanceprogramming\project1\project1\Utils.h(10): note: see declaration of 'validateBoard'
Utils.cpp(107): error C2448: 'validateBoard': function-style initializer appears to be a function definition
Utils.cpp(204): error C2065: 'Board': undeclared identifier
Utils.cpp(204): error C2065: 'board': undeclared identifier
Utils.cpp(204): error C2062: type 'int' unexpected
Utils.cpp(204): error C2143: syntax error: missing ';' before '{'
Utils.cpp(204): error C2447: '{': missing function header (old-style formal list?)
Utils.cpp(219): error C2065: 'Board': undeclared identifier
Utils.cpp(219): error C2065: 'gameBoard': undeclared identifier
Utils.cpp(219): error C2065: 'intermediateBoard': undeclared identifier
Utils.cpp(219): error C2062: type 'int' unexpected
Utils.cpp(219): error C2143: syntax error: missing ';' before '{'
Utils.cpp(219): error C2447: '{': missing function header (old-style formal list?)
Utils.cpp(252): error C2065: 'Board': undeclared identifier
Utils.cpp(252): error C2065: 'gameBoard': undeclared identifier
Utils.cpp(252): error C2065: 'intermediateBoard': undeclared identifier
Utils.cpp(252): error C2062: type 'char' unexpected
Utils.cpp(252): error C2143: syntax error: missing ';' before '{'
Utils.cpp(252): error C2447: '{': missing function header (old-style formal list?)
Utils.cpp(312): error C2061: syntax error: identifier 'Board'
Utils.cpp(313): error C2065: 'intermediateBoard': undeclared identifier
Utils.cpp(313): error C2228: left of '.get' must have class/struct/union
  Utils.cpp(313): note: type is 'unknown-type'
Utils.cpp(314): error C2065: 'intermediateBoard': undeclared identifier
Utils.cpp(314): error C2228: left of '.set' must have class/struct/union
  Utils.cpp(314): note: type is 'unknown-type'
Utils.cpp(314): error C2065: 'temp': undeclared identifier
Utils.cpp(315): error C2065: 'intermediateBoard': undeclared identifier
Utils.cpp(315): error C2065: 'temp': undeclared identifier
Utils.cpp(316): error C2065: 'intermediateBoard': undeclared identifier
Utils.cpp(316): error C2065: 'temp': undeclared identifier
Utils.cpp(317): error C2065: 'intermediateBoard': undeclared identifier
Utils.cpp(317): error C2065: 'temp': undeclared identifier
Utils.cpp(318): error C2065: 'intermediateBoard': undeclared identifier
Utils.cpp(318): error C2065: 'temp': undeclared identifier
Utils.cpp(323): error C4430: missing type specifier - int assumed. Note: C++ does not support default-int
Utils.cpp(323): error C2086: 'int Ship': redefinition
  c:\users\dansh\dropbox\לימודים\advanceprogramming\project1\project1\Utils.h(13): note: see declaration of 'Ship'
Utils.cpp(323): error C2146: syntax error: missing ';' before identifier 'shipScan'
Utils.cpp(323): error C2143: syntax error: missing ';' before '{'
Utils.cpp(323): error C2447: '{': missing function header (old-style formal list?)
