d:\battleships\ex2.shukrun.smart.dir\debug\vc140.pdb
d:\battleships\ex2.shukrun.smart.dir\debug\ship.obj
d:\battleships\ex2.shukrun.smart.dir\debug\player.obj
d:\battleships\ex2.shukrun.smart.dir\debug\board.obj
d:\battleships\ex2.shukrun.smart.dir\debug\smartalgo.obj
d:\battleships\cmakefiles\generate.stamp
d:\battleships\debug\shukrun.smart.lib
d:\battleships\debug\shukrun.smart.exp
d:\battleships\debug\shukrun.smart.ilk
d:\battleships\debug\shukrun.smart.dll
d:\battleships\debug\shukrun.smart.pdb
d:\battleships\ex2.shukrun.smart.dir\debug\ex2.shuk.b0472621.tlog\cl.command.1.tlog
d:\battleships\ex2.shukrun.smart.dir\debug\ex2.shuk.b0472621.tlog\cl.read.1.tlog
d:\battleships\ex2.shukrun.smart.dir\debug\ex2.shuk.b0472621.tlog\cl.write.1.tlog
d:\battleships\ex2.shukrun.smart.dir\debug\ex2.shuk.b0472621.tlog\custombuild.command.1.tlog
d:\battleships\ex2.shukrun.smart.dir\debug\ex2.shuk.b0472621.tlog\custombuild.read.1.tlog
d:\battleships\ex2.shukrun.smart.dir\debug\ex2.shuk.b0472621.tlog\custombuild.write.1.tlog
d:\battleships\ex2.shukrun.smart.dir\debug\ex2.shuk.b0472621.tlog\ex2.shukrun.smart.write.1u.tlog
d:\battleships\ex2.shukrun.smart.dir\debug\ex2.shuk.b0472621.tlog\link.command.1.tlog
d:\battleships\ex2.shukrun.smart.dir\debug\ex2.shuk.b0472621.tlog\link.read.1.tlog
d:\battleships\ex2.shukrun.smart.dir\debug\ex2.shuk.b0472621.tlog\link.write.1.tlog
