c:\users\tomer\desktop\output_files\ex2.shukrun.naive.dir\debug\vc140.pdb
c:\users\tomer\desktop\output_files\ex2.shukrun.naive.dir\debug\ship.obj
c:\users\tomer\desktop\output_files\ex2.shukrun.naive.dir\debug\player.obj
c:\users\tomer\desktop\output_files\ex2.shukrun.naive.dir\debug\board.obj
c:\users\tomer\desktop\output_files\ex2.shukrun.naive.dir\debug\naive.obj
c:\users\tomer\desktop\output_files\cmakefiles\generate.stamp
c:\users\tomer\desktop\output_files\debug\shukrun.naive.lib
c:\users\tomer\desktop\output_files\debug\shukrun.naive.exp
c:\users\tomer\desktop\output_files\debug\shukrun.naive.ilk
c:\users\tomer\desktop\output_files\debug\shukrun.naive.dll
c:\users\tomer\desktop\output_files\debug\shukrun.naive.pdb
c:\users\tomer\desktop\output_files\ex2.shukrun.naive.dir\debug\ex2.shuk.33a31116.tlog\cl.command.1.tlog
c:\users\tomer\desktop\output_files\ex2.shukrun.naive.dir\debug\ex2.shuk.33a31116.tlog\cl.read.1.tlog
c:\users\tomer\desktop\output_files\ex2.shukrun.naive.dir\debug\ex2.shuk.33a31116.tlog\cl.write.1.tlog
c:\users\tomer\desktop\output_files\ex2.shukrun.naive.dir\debug\ex2.shuk.33a31116.tlog\custombuild.command.1.tlog
c:\users\tomer\desktop\output_files\ex2.shukrun.naive.dir\debug\ex2.shuk.33a31116.tlog\custombuild.read.1.tlog
c:\users\tomer\desktop\output_files\ex2.shukrun.naive.dir\debug\ex2.shuk.33a31116.tlog\custombuild.write.1.tlog
c:\users\tomer\desktop\output_files\ex2.shukrun.naive.dir\debug\ex2.shuk.33a31116.tlog\ex2.shukrun.naive.write.1u.tlog
c:\users\tomer\desktop\output_files\ex2.shukrun.naive.dir\debug\ex2.shuk.33a31116.tlog\link.command.1.tlog
c:\users\tomer\desktop\output_files\ex2.shukrun.naive.dir\debug\ex2.shuk.33a31116.tlog\link.read.1.tlog
c:\users\tomer\desktop\output_files\ex2.shukrun.naive.dir\debug\ex2.shuk.33a31116.tlog\link.write.1.tlog
