d:\battleships\ex2.shukrun.file.dir\debug\vc140.pdb
d:\battleships\ex2.shukrun.file.dir\debug\ship.obj
d:\battleships\ex2.shukrun.file.dir\debug\player.obj
d:\battleships\ex2.shukrun.file.dir\debug\board.obj
d:\battleships\ex2.shukrun.file.dir\debug\filereaderalgo.obj
d:\battleships\cmakefiles\generate.stamp
d:\battleships\debug\shukrun.file.lib
d:\battleships\debug\shukrun.file.exp
d:\battleships\debug\shukrun.file.ilk
d:\battleships\debug\shukrun.file.dll
d:\battleships\debug\shukrun.file.pdb
d:\battleships\ex2.shukrun.file.dir\debug\ex2.shukrun.file.tlog\cl.command.1.tlog
d:\battleships\ex2.shukrun.file.dir\debug\ex2.shukrun.file.tlog\cl.read.1.tlog
d:\battleships\ex2.shukrun.file.dir\debug\ex2.shukrun.file.tlog\cl.write.1.tlog
d:\battleships\ex2.shukrun.file.dir\debug\ex2.shukrun.file.tlog\custombuild.command.1.tlog
d:\battleships\ex2.shukrun.file.dir\debug\ex2.shukrun.file.tlog\custombuild.read.1.tlog
d:\battleships\ex2.shukrun.file.dir\debug\ex2.shukrun.file.tlog\custombuild.write.1.tlog
d:\battleships\ex2.shukrun.file.dir\debug\ex2.shukrun.file.tlog\ex2.shukrun.file.write.1u.tlog
d:\battleships\ex2.shukrun.file.dir\debug\ex2.shukrun.file.tlog\link.command.1.tlog
d:\battleships\ex2.shukrun.file.dir\debug\ex2.shukrun.file.tlog\link.read.1.tlog
d:\battleships\ex2.shukrun.file.dir\debug\ex2.shukrun.file.tlog\link.write.1.tlog
